<?xml version='1.0' encoding='UTF-8'?>
<testsuite hostname="cmpsci220" name="TestSuite" tests="1" errors="1" failures="0" time="-0.001">
                     <properties>
[...]
</properties>
                     <testcase classname="TestSuite" name="(It is not a test)" time="-0.001">
                                                 <error message="Java heap space" type="java.lang.OutOfMemoryError">java.lang.OutOfMemoryError: Java heap space
	at scala.collection.immutable.VectorPointer$class.copyOf(Vector.scala:956)
	at scala.collection.immutable.Vector.copyOf(Vector.scala:62)
	at scala.collection.immutable.VectorPointer$class.gotoPosWritable1(Vector.scala:1055)
	at scala.collection.immutable.Vector.gotoPosWritable1(Vector.scala:62)
	at scala.collection.immutable.Vector.gotoPosWritable(Vector.scala:260)
	at scala.collection.immutable.Vector.appendBack(Vector.scala:380)
	at scala.collection.immutable.Vector.$colon$plus(Vector.scala:153)
	at com.github.tototoshi.csv.CSVParser$.parse(CSVParser.scala:162)
	at com.github.tototoshi.csv.CSVParser.parseLine(CSVParser.scala:301)
	at com.github.tototoshi.csv.CSVReader.parseNext$1(CSVReader.scala:42)
	at com.github.tototoshi.csv.CSVReader.readNext(CSVReader.scala:51)
	at com.github.tototoshi.csv.CSVReader$$anonfun$toStream$1.apply(CSVReader.scala:88)
	at com.github.tototoshi.csv.CSVReader$$anonfun$toStream$1.apply(CSVReader.scala:88)
	at scala.collection.immutable.Stream$.continually(Stream.scala:1279)
	at scala.collection.immutable.Stream$$anonfun$continually$1.apply(Stream.scala:1279)
	at scala.collection.immutable.Stream$$anonfun$continually$1.apply(Stream.scala:1279)
	at scala.collection.immutable.Stream$Cons.tail(Stream.scala:1233)
	at scala.collection.immutable.Stream$Cons.tail(Stream.scala:1223)
	at scala.collection.immutable.Stream$$anonfun$takeWhile$1.apply(Stream.scala:941)
	at scala.collection.immutable.Stream$$anonfun$takeWhile$1.apply(Stream.scala:941)
	at scala.collection.immutable.Stream$Cons.tail(Stream.scala:1233)
	at scala.collection.immutable.Stream$Cons.tail(Stream.scala:1223)
	at scala.collection.immutable.Stream$$anonfun$map$1.apply(Stream.scala:418)
	at scala.collection.immutable.Stream$$anonfun$map$1.apply(Stream.scala:418)
	at scala.collection.immutable.Stream$Cons.tail(Stream.scala:1233)
	at scala.collection.immutable.Stream$Cons.tail(Stream.scala:1223)
	at scala.collection.generic.Growable$class.loop$1(Growable.scala:54)
	at scala.collection.generic.Growable$class.$plus$plus$eq(Growable.scala:57)
	at scala.collection.mutable.ListBuffer.$plus$plus$eq(ListBuffer.scala:183)
	at scala.collection.mutable.ListBuffer.$plus$plus$eq(ListBuffer.scala:45)
	at scala.collection.TraversableLike$class.to(TraversableLike.scala:635)
	at scala.collection.AbstractTraversable.to(Traversable.scala:104)
</error>
                                               </testcase>
                     <system-out></system-out>
                     <system-err></system-err>
                   </testsuite>